Traceback (most recent call last):
  File "/usr/share/miniconda/lib/python3.10/site-packages/jupyter_cache/executors/utils.py", line 58, in single_nb_execution
    executenb(
  File "/usr/share/miniconda/lib/python3.10/site-packages/nbclient/client.py", line 1305, in execute
    return NotebookClient(nb=nb, resources=resources, km=km, **kwargs).execute()
  File "/usr/share/miniconda/lib/python3.10/site-packages/jupyter_core/utils/__init__.py", line 166, in wrapped
    return loop.run_until_complete(inner)
  File "/usr/share/miniconda/lib/python3.10/asyncio/base_events.py", line 649, in run_until_complete
    return future.result()
  File "/usr/share/miniconda/lib/python3.10/site-packages/nbclient/client.py", line 705, in async_execute
    await self.async_execute_cell(
  File "/usr/share/miniconda/lib/python3.10/site-packages/nbclient/client.py", line 1058, in async_execute_cell
    await self._check_raise_for_error(cell, cell_index, exec_reply)
  File "/usr/share/miniconda/lib/python3.10/site-packages/nbclient/client.py", line 914, in _check_raise_for_error
    raise CellExecutionError.from_cell_and_msg(cell, exec_reply_content)
nbclient.exceptions.CellExecutionError: An error occurred while executing the following cell:
------------------
import astropy.units as u
import matplotlib.pyplot as plt
import numpy as np

from astropy.io import fits
from astroquery.mast import Observations
from astropy.visualization import ZScaleInterval
from astropy.wcs import WCS
from photutils.aperture import CircularAperture
from reproject import reproject_interp
from reproject.mosaicking import find_optimal_celestial_wcs
------------------


[0;31m---------------------------------------------------------------------------[0m
[0;31mModuleNotFoundError[0m                       Traceback (most recent call last)
Cell [0;32mIn[1], line 9[0m
[1;32m      7[0m [38;5;28;01mfrom[39;00m [38;5;21;01mastropy[39;00m[38;5;21;01m.[39;00m[38;5;21;01mvisualization[39;00m [38;5;28;01mimport[39;00m ZScaleInterval
[1;32m      8[0m [38;5;28;01mfrom[39;00m [38;5;21;01mastropy[39;00m[38;5;21;01m.[39;00m[38;5;21;01mwcs[39;00m [38;5;28;01mimport[39;00m WCS
[0;32m----> 9[0m [38;5;28;01mfrom[39;00m [38;5;21;01mphotutils[39;00m[38;5;21;01m.[39;00m[38;5;21;01maperture[39;00m [38;5;28;01mimport[39;00m CircularAperture
[1;32m     10[0m [38;5;28;01mfrom[39;00m [38;5;21;01mreproject[39;00m [38;5;28;01mimport[39;00m reproject_interp
[1;32m     11[0m [38;5;28;01mfrom[39;00m [38;5;21;01mreproject[39;00m[38;5;21;01m.[39;00m[38;5;21;01mmosaicking[39;00m [38;5;28;01mimport[39;00m find_optimal_celestial_wcs

[0;31mModuleNotFoundError[0m: No module named 'photutils'

