Traceback (most recent call last):
  File "/usr/share/miniconda/lib/python3.10/site-packages/jupyter_cache/executors/utils.py", line 58, in single_nb_execution
    executenb(
  File "/usr/share/miniconda/lib/python3.10/site-packages/nbclient/client.py", line 1305, in execute
    return NotebookClient(nb=nb, resources=resources, km=km, **kwargs).execute()
  File "/usr/share/miniconda/lib/python3.10/site-packages/jupyter_core/utils/__init__.py", line 166, in wrapped
    return loop.run_until_complete(inner)
  File "/usr/share/miniconda/lib/python3.10/asyncio/base_events.py", line 649, in run_until_complete
    return future.result()
  File "/usr/share/miniconda/lib/python3.10/site-packages/nbclient/client.py", line 705, in async_execute
    await self.async_execute_cell(
  File "/usr/share/miniconda/lib/python3.10/site-packages/nbclient/client.py", line 1058, in async_execute_cell
    await self._check_raise_for_error(cell, cell_index, exec_reply)
  File "/usr/share/miniconda/lib/python3.10/site-packages/nbclient/client.py", line 914, in _check_raise_for_error
    raise CellExecutionError.from_cell_and_msg(cell, exec_reply_content)
nbclient.exceptions.CellExecutionError: An error occurred while executing the following cell:
------------------
sci = fits.getdata(manifest['Local Path'][0], 1)

plt.figure(figsize=(15,150))
plt.imshow(sci);
------------------


[0;31m---------------------------------------------------------------------------[0m
[0;31mOSError[0m                                   Traceback (most recent call last)
Cell [0;32mIn[19], line 1[0m
[0;32m----> 1[0m sci [38;5;241m=[39m [43mfits[49m[38;5;241;43m.[39;49m[43mgetdata[49m[43m([49m[43mmanifest[49m[43m[[49m[38;5;124;43m'[39;49m[38;5;124;43mLocal Path[39;49m[38;5;124;43m'[39;49m[43m][49m[43m[[49m[38;5;241;43m0[39;49m[43m][49m[43m,[49m[43m [49m[38;5;241;43m1[39;49m[43m)[49m
[1;32m      3[0m plt[38;5;241m.[39mfigure(figsize[38;5;241m=[39m([38;5;241m15[39m,[38;5;241m150[39m))
[1;32m      4[0m plt[38;5;241m.[39mimshow(sci);

File [0;32m/usr/share/miniconda/lib/python3.10/site-packages/astropy/io/fits/convenience.py:221[0m, in [0;36mgetdata[0;34m(filename, header, lower, upper, view, *args, **kwargs)[0m
[1;32m    216[0m extver [38;5;241m=[39m kwargs[38;5;241m.[39mget([38;5;124m"[39m[38;5;124mextver[39m[38;5;124m"[39m)
[1;32m    217[0m ext_given [38;5;241m=[39m [38;5;129;01mnot[39;00m (
[1;32m    218[0m     [38;5;28mlen[39m(args) [38;5;241m==[39m [38;5;241m0[39m [38;5;129;01mand[39;00m ext [38;5;129;01mis[39;00m [38;5;28;01mNone[39;00m [38;5;129;01mand[39;00m extname [38;5;129;01mis[39;00m [38;5;28;01mNone[39;00m [38;5;129;01mand[39;00m extver [38;5;129;01mis[39;00m [38;5;28;01mNone[39;00m
[1;32m    219[0m )
[0;32m--> 221[0m hdulist, extidx [38;5;241m=[39m [43m_getext[49m[43m([49m[43mfilename[49m[43m,[49m[43m [49m[43mmode[49m[43m,[49m[43m [49m[38;5;241;43m*[39;49m[43margs[49m[43m,[49m[43m [49m[38;5;241;43m*[39;49m[38;5;241;43m*[39;49m[43mkwargs[49m[43m)[49m
[1;32m    222[0m [38;5;28;01mtry[39;00m:
[1;32m    223[0m     hdu [38;5;241m=[39m hdulist[extidx]

File [0;32m/usr/share/miniconda/lib/python3.10/site-packages/astropy/io/fits/convenience.py:1125[0m, in [0;36m_getext[0;34m(filename, mode, ext, extname, extver, *args, **kwargs)[0m
[1;32m   1122[0m [38;5;28;01melif[39;00m extver [38;5;129;01mand[39;00m extname [38;5;129;01mis[39;00m [38;5;28;01mNone[39;00m:
[1;32m   1123[0m     [38;5;28;01mraise[39;00m [38;5;167;01mTypeError[39;00m([38;5;124m"[39m[38;5;124mextver alone cannot specify an extension.[39m[38;5;124m"[39m)
[0;32m-> 1125[0m hdulist [38;5;241m=[39m [43mfitsopen[49m[43m([49m[43mfilename[49m[43m,[49m[43m [49m[43mmode[49m[38;5;241;43m=[39;49m[43mmode[49m[43m,[49m[43m [49m[38;5;241;43m*[39;49m[38;5;241;43m*[39;49m[43mkwargs[49m[43m)[49m
[1;32m   1127[0m [38;5;28;01mreturn[39;00m hdulist, ext

File [0;32m/usr/share/miniconda/lib/python3.10/site-packages/astropy/io/fits/hdu/hdulist.py:214[0m, in [0;36mfitsopen[0;34m(name, mode, memmap, save_backup, cache, lazy_load_hdus, ignore_missing_simple, use_fsspec, fsspec_kwargs, **kwargs)[0m
[1;32m    211[0m [38;5;28;01mif[39;00m [38;5;129;01mnot[39;00m name:
[1;32m    212[0m     [38;5;28;01mraise[39;00m [38;5;167;01mValueError[39;00m([38;5;124mf[39m[38;5;124m"[39m[38;5;124mEmpty filename: [39m[38;5;132;01m{[39;00mname[38;5;132;01m!r}[39;00m[38;5;124m"[39m)
[0;32m--> 214[0m [38;5;28;01mreturn[39;00m [43mHDUList[49m[38;5;241;43m.[39;49m[43mfromfile[49m[43m([49m
[1;32m    215[0m [43m    [49m[43mname[49m[43m,[49m
[1;32m    216[0m [43m    [49m[43mmode[49m[43m,[49m
[1;32m    217[0m [43m    [49m[43mmemmap[49m[43m,[49m
[1;32m    218[0m [43m    [49m[43msave_backup[49m[43m,[49m
[1;32m    219[0m [43m    [49m[43mcache[49m[43m,[49m
[1;32m    220[0m [43m    [49m[43mlazy_load_hdus[49m[43m,[49m
[1;32m    221[0m [43m    [49m[43mignore_missing_simple[49m[43m,[49m
[1;32m    222[0m [43m    [49m[43muse_fsspec[49m[38;5;241;43m=[39;49m[43muse_fsspec[49m[43m,[49m
[1;32m    223[0m [43m    [49m[43mfsspec_kwargs[49m[38;5;241;43m=[39;49m[43mfsspec_kwargs[49m[43m,[49m
[1;32m    224[0m [43m    [49m[38;5;241;43m*[39;49m[38;5;241;43m*[39;49m[43mkwargs[49m[43m,[49m
[1;32m    225[0m [43m[49m[43m)[49m

File [0;32m/usr/share/miniconda/lib/python3.10/site-packages/astropy/io/fits/hdu/hdulist.py:482[0m, in [0;36mHDUList.fromfile[0;34m(cls, fileobj, mode, memmap, save_backup, cache, lazy_load_hdus, ignore_missing_simple, **kwargs)[0m
[1;32m    462[0m [38;5;129m@classmethod[39m
[1;32m    463[0m [38;5;28;01mdef[39;00m [38;5;21mfromfile[39m(
[1;32m    464[0m     [38;5;28mcls[39m,
[0;32m   (...)[0m
[1;32m    472[0m     [38;5;241m*[39m[38;5;241m*[39mkwargs,
[1;32m    473[0m ):
[1;32m    474[0m [38;5;250m    [39m[38;5;124;03m"""[39;00m
[1;32m    475[0m [38;5;124;03m    Creates an `HDUList` instance from a file-like object.[39;00m
[1;32m    476[0m 
[0;32m   (...)[0m
[1;32m    479[0m [38;5;124;03m    documentation for details of the parameters accepted by this method).[39;00m
[1;32m    480[0m [38;5;124;03m    """[39;00m
[0;32m--> 482[0m     [38;5;28;01mreturn[39;00m [38;5;28;43mcls[39;49m[38;5;241;43m.[39;49m[43m_readfrom[49m[43m([49m
[1;32m    483[0m [43m        [49m[43mfileobj[49m[38;5;241;43m=[39;49m[43mfileobj[49m[43m,[49m
[1;32m    484[0m [43m        [49m[43mmode[49m[38;5;241;43m=[39;49m[43mmode[49m[43m,[49m
[1;32m    485[0m [43m        [49m[43mmemmap[49m[38;5;241;43m=[39;49m[43mmemmap[49m[43m,[49m
[1;32m    486[0m [43m        [49m[43msave_backup[49m[38;5;241;43m=[39;49m[43msave_backup[49m[43m,[49m
[1;32m    487[0m [43m        [49m[43mcache[49m[38;5;241;43m=[39;49m[43mcache[49m[43m,[49m
[1;32m    488[0m [43m        [49m[43mignore_missing_simple[49m[38;5;241;43m=[39;49m[43mignore_missing_simple[49m[43m,[49m
[1;32m    489[0m [43m        [49m[43mlazy_load_hdus[49m[38;5;241;43m=[39;49m[43mlazy_load_hdus[49m[43m,[49m
[1;32m    490[0m [43m        [49m[38;5;241;43m*[39;49m[38;5;241;43m*[39;49m[43mkwargs[49m[43m,[49m
[1;32m    491[0m [43m    [49m[43m)[49m

File [0;32m/usr/share/miniconda/lib/python3.10/site-packages/astropy/io/fits/hdu/hdulist.py:1222[0m, in [0;36mHDUList._readfrom[0;34m(cls, fileobj, data, mode, memmap, cache, lazy_load_hdus, ignore_missing_simple, use_fsspec, fsspec_kwargs, **kwargs)[0m
[1;32m   1220[0m             [38;5;28;01mif[39;00m hdulist[38;5;241m.[39m_file[38;5;241m.[39mclose_on_error:
[1;32m   1221[0m                 hdulist[38;5;241m.[39m_file[38;5;241m.[39mclose()
[0;32m-> 1222[0m             [38;5;28;01mraise[39;00m [38;5;167;01mOSError[39;00m(
[1;32m   1223[0m                 [38;5;124m"[39m[38;5;124mNo SIMPLE card found, this file does not appear to [39m[38;5;124m"[39m
[1;32m   1224[0m                 [38;5;124m"[39m[38;5;124mbe a valid FITS file. If this is really a FITS file, [39m[38;5;124m"[39m
[1;32m   1225[0m                 [38;5;124m"[39m[38;5;124mtry with ignore_missing_simple=True[39m[38;5;124m"[39m
[1;32m   1226[0m             )
[1;32m   1228[0m     hdulist[38;5;241m.[39m_file[38;5;241m.[39mseek(pos)
[1;32m   1230[0m [38;5;66;03m# Store additional keyword args that were passed to fits.open[39;00m

[0;31mOSError[0m: No SIMPLE card found, this file does not appear to be a valid FITS file. If this is really a FITS file, try with ignore_missing_simple=True

