Traceback (most recent call last):
  File "/usr/share/miniconda/lib/python3.10/site-packages/jupyter_cache/executors/utils.py", line 58, in single_nb_execution
    executenb(
  File "/usr/share/miniconda/lib/python3.10/site-packages/nbclient/client.py", line 1305, in execute
    return NotebookClient(nb=nb, resources=resources, km=km, **kwargs).execute()
  File "/usr/share/miniconda/lib/python3.10/site-packages/jupyter_core/utils/__init__.py", line 166, in wrapped
    return loop.run_until_complete(inner)
  File "/usr/share/miniconda/lib/python3.10/asyncio/base_events.py", line 649, in run_until_complete
    return future.result()
  File "/usr/share/miniconda/lib/python3.10/site-packages/nbclient/client.py", line 705, in async_execute
    await self.async_execute_cell(
  File "/usr/share/miniconda/lib/python3.10/site-packages/nbclient/client.py", line 1058, in async_execute_cell
    await self._check_raise_for_error(cell, cell_index, exec_reply)
  File "/usr/share/miniconda/lib/python3.10/site-packages/nbclient/client.py", line 914, in _check_raise_for_error
    raise CellExecutionError.from_cell_and_msg(cell, exec_reply_content)
nbclient.exceptions.CellExecutionError: An error occurred while executing the following cell:
------------------
# Get the filenames from the manifest
filename0 = manifest['Local Path'][0]
filename1 = manifest['Local Path'][1]

# Open the files using astropy.fits
file1 = fits.open(filename0)
file2 = fits.open(filename1)
------------------


[0;31m---------------------------------------------------------------------------[0m
[0;31mFileNotFoundError[0m                         Traceback (most recent call last)
Cell [0;32mIn[20], line 6[0m
[1;32m      3[0m filename1 [38;5;241m=[39m manifest[[38;5;124m'[39m[38;5;124mLocal Path[39m[38;5;124m'[39m][[38;5;241m1[39m]
[1;32m      5[0m [38;5;66;03m# Open the files using astropy.fits[39;00m
[0;32m----> 6[0m file1 [38;5;241m=[39m [43mfits[49m[38;5;241;43m.[39;49m[43mopen[49m[43m([49m[43mfilename0[49m[43m)[49m
[1;32m      7[0m file2 [38;5;241m=[39m fits[38;5;241m.[39mopen(filename1)

File [0;32m/usr/share/miniconda/lib/python3.10/site-packages/astropy/io/fits/hdu/hdulist.py:214[0m, in [0;36mfitsopen[0;34m(name, mode, memmap, save_backup, cache, lazy_load_hdus, ignore_missing_simple, use_fsspec, fsspec_kwargs, **kwargs)[0m
[1;32m    211[0m [38;5;28;01mif[39;00m [38;5;129;01mnot[39;00m name:
[1;32m    212[0m     [38;5;28;01mraise[39;00m [38;5;167;01mValueError[39;00m([38;5;124mf[39m[38;5;124m"[39m[38;5;124mEmpty filename: [39m[38;5;132;01m{[39;00mname[38;5;132;01m!r}[39;00m[38;5;124m"[39m)
[0;32m--> 214[0m [38;5;28;01mreturn[39;00m [43mHDUList[49m[38;5;241;43m.[39;49m[43mfromfile[49m[43m([49m
[1;32m    215[0m [43m    [49m[43mname[49m[43m,[49m
[1;32m    216[0m [43m    [49m[43mmode[49m[43m,[49m
[1;32m    217[0m [43m    [49m[43mmemmap[49m[43m,[49m
[1;32m    218[0m [43m    [49m[43msave_backup[49m[43m,[49m
[1;32m    219[0m [43m    [49m[43mcache[49m[43m,[49m
[1;32m    220[0m [43m    [49m[43mlazy_load_hdus[49m[43m,[49m
[1;32m    221[0m [43m    [49m[43mignore_missing_simple[49m[43m,[49m
[1;32m    222[0m [43m    [49m[43muse_fsspec[49m[38;5;241;43m=[39;49m[43muse_fsspec[49m[43m,[49m
[1;32m    223[0m [43m    [49m[43mfsspec_kwargs[49m[38;5;241;43m=[39;49m[43mfsspec_kwargs[49m[43m,[49m
[1;32m    224[0m [43m    [49m[38;5;241;43m*[39;49m[38;5;241;43m*[39;49m[43mkwargs[49m[43m,[49m
[1;32m    225[0m [43m[49m[43m)[49m

File [0;32m/usr/share/miniconda/lib/python3.10/site-packages/astropy/io/fits/hdu/hdulist.py:482[0m, in [0;36mHDUList.fromfile[0;34m(cls, fileobj, mode, memmap, save_backup, cache, lazy_load_hdus, ignore_missing_simple, **kwargs)[0m
[1;32m    462[0m [38;5;129m@classmethod[39m
[1;32m    463[0m [38;5;28;01mdef[39;00m [38;5;21mfromfile[39m(
[1;32m    464[0m     [38;5;28mcls[39m,
[0;32m   (...)[0m
[1;32m    472[0m     [38;5;241m*[39m[38;5;241m*[39mkwargs,
[1;32m    473[0m ):
[1;32m    474[0m [38;5;250m    [39m[38;5;124;03m"""[39;00m
[1;32m    475[0m [38;5;124;03m    Creates an `HDUList` instance from a file-like object.[39;00m
[1;32m    476[0m 
[0;32m   (...)[0m
[1;32m    479[0m [38;5;124;03m    documentation for details of the parameters accepted by this method).[39;00m
[1;32m    480[0m [38;5;124;03m    """[39;00m
[0;32m--> 482[0m     [38;5;28;01mreturn[39;00m [38;5;28;43mcls[39;49m[38;5;241;43m.[39;49m[43m_readfrom[49m[43m([49m
[1;32m    483[0m [43m        [49m[43mfileobj[49m[38;5;241;43m=[39;49m[43mfileobj[49m[43m,[49m
[1;32m    484[0m [43m        [49m[43mmode[49m[38;5;241;43m=[39;49m[43mmode[49m[43m,[49m
[1;32m    485[0m [43m        [49m[43mmemmap[49m[38;5;241;43m=[39;49m[43mmemmap[49m[43m,[49m
[1;32m    486[0m [43m        [49m[43msave_backup[49m[38;5;241;43m=[39;49m[43msave_backup[49m[43m,[49m
[1;32m    487[0m [43m        [49m[43mcache[49m[38;5;241;43m=[39;49m[43mcache[49m[43m,[49m
[1;32m    488[0m [43m        [49m[43mignore_missing_simple[49m[38;5;241;43m=[39;49m[43mignore_missing_simple[49m[43m,[49m
[1;32m    489[0m [43m        [49m[43mlazy_load_hdus[49m[38;5;241;43m=[39;49m[43mlazy_load_hdus[49m[43m,[49m
[1;32m    490[0m [43m        [49m[38;5;241;43m*[39;49m[38;5;241;43m*[39;49m[43mkwargs[49m[43m,[49m
[1;32m    491[0m [43m    [49m[43m)[49m

File [0;32m/usr/share/miniconda/lib/python3.10/site-packages/astropy/io/fits/hdu/hdulist.py:1170[0m, in [0;36mHDUList._readfrom[0;34m(cls, fileobj, data, mode, memmap, cache, lazy_load_hdus, ignore_missing_simple, use_fsspec, fsspec_kwargs, **kwargs)[0m
[1;32m   1167[0m [38;5;28;01mif[39;00m fileobj [38;5;129;01mis[39;00m [38;5;129;01mnot[39;00m [38;5;28;01mNone[39;00m:
[1;32m   1168[0m     [38;5;28;01mif[39;00m [38;5;129;01mnot[39;00m [38;5;28misinstance[39m(fileobj, _File):
[1;32m   1169[0m         [38;5;66;03m# instantiate a FITS file object (ffo)[39;00m
[0;32m-> 1170[0m         fileobj [38;5;241m=[39m [43m_File[49m[43m([49m
[1;32m   1171[0m [43m            [49m[43mfileobj[49m[43m,[49m
[1;32m   1172[0m [43m            [49m[43mmode[49m[38;5;241;43m=[39;49m[43mmode[49m[43m,[49m
[1;32m   1173[0m [43m            [49m[43mmemmap[49m[38;5;241;43m=[39;49m[43mmemmap[49m[43m,[49m
[1;32m   1174[0m [43m            [49m[43mcache[49m[38;5;241;43m=[39;49m[43mcache[49m[43m,[49m
[1;32m   1175[0m [43m            [49m[43muse_fsspec[49m[38;5;241;43m=[39;49m[43muse_fsspec[49m[43m,[49m
[1;32m   1176[0m [43m            [49m[43mfsspec_kwargs[49m[38;5;241;43m=[39;49m[43mfsspec_kwargs[49m[43m,[49m
[1;32m   1177[0m [43m        [49m[43m)[49m
[1;32m   1178[0m     [38;5;66;03m# The Astropy mode is determined by the _File initializer if the[39;00m
[1;32m   1179[0m     [38;5;66;03m# supplied mode was None[39;00m
[1;32m   1180[0m     mode [38;5;241m=[39m fileobj[38;5;241m.[39mmode

File [0;32m/usr/share/miniconda/lib/python3.10/site-packages/astropy/io/fits/file.py:218[0m, in [0;36m_File.__init__[0;34m(self, fileobj, mode, memmap, overwrite, cache, use_fsspec, fsspec_kwargs)[0m
[1;32m    216[0m     [38;5;28mself[39m[38;5;241m.[39m_open_fileobj(fileobj, mode, overwrite)
[1;32m    217[0m [38;5;28;01melif[39;00m [38;5;28misinstance[39m(fileobj, ([38;5;28mstr[39m, [38;5;28mbytes[39m)):
[0;32m--> 218[0m     [38;5;28;43mself[39;49m[38;5;241;43m.[39;49m[43m_open_filename[49m[43m([49m[43mfileobj[49m[43m,[49m[43m [49m[43mmode[49m[43m,[49m[43m [49m[43moverwrite[49m[43m)[49m
[1;32m    219[0m [38;5;28;01melse[39;00m:
[1;32m    220[0m     [38;5;28mself[39m[38;5;241m.[39m_open_filelike(fileobj, mode, overwrite)

File [0;32m/usr/share/miniconda/lib/python3.10/site-packages/astropy/io/fits/file.py:636[0m, in [0;36m_File._open_filename[0;34m(self, filename, mode, overwrite)[0m
[1;32m    633[0m ext [38;5;241m=[39m os[38;5;241m.[39mpath[38;5;241m.[39msplitext([38;5;28mself[39m[38;5;241m.[39mname)[[38;5;241m1[39m]
[1;32m    635[0m [38;5;28;01mif[39;00m [38;5;129;01mnot[39;00m [38;5;28mself[39m[38;5;241m.[39m_try_read_compressed([38;5;28mself[39m[38;5;241m.[39mname, magic, mode, ext[38;5;241m=[39mext):
[0;32m--> 636[0m     [38;5;28mself[39m[38;5;241m.[39m_file [38;5;241m=[39m [38;5;28;43mopen[39;49m[43m([49m[38;5;28;43mself[39;49m[38;5;241;43m.[39;49m[43mname[49m[43m,[49m[43m [49m[43mIO_FITS_MODES[49m[43m[[49m[43mmode[49m[43m][49m[43m)[49m
[1;32m    637[0m     [38;5;28mself[39m[38;5;241m.[39mclose_on_error [38;5;241m=[39m [38;5;28;01mTrue[39;00m
[1;32m    639[0m [38;5;66;03m# Make certain we're back at the beginning of the file[39;00m
[1;32m    640[0m [38;5;66;03m# BZ2File does not support seek when the file is open for writing, but[39;00m
[1;32m    641[0m [38;5;66;03m# when opening a file for write, bz2.BZ2File always truncates anyway.[39;00m

[0;31mFileNotFoundError[0m: [Errno 2] No such file or directory: './mastDownload/HLA/hst_05766_04_wfpc2_f555w_wf_02/hst_05766_04_wfpc2_f555w_wf_02_drz.fits'

