Traceback (most recent call last):
  File "/usr/share/miniconda/lib/python3.10/site-packages/jupyter_cache/executors/utils.py", line 58, in single_nb_execution
    executenb(
  File "/usr/share/miniconda/lib/python3.10/site-packages/nbclient/client.py", line 1304, in execute
    return NotebookClient(nb=nb, resources=resources, km=km, **kwargs).execute()
  File "/usr/share/miniconda/lib/python3.10/site-packages/jupyter_core/utils/__init__.py", line 166, in wrapped
    return loop.run_until_complete(inner)
  File "/usr/share/miniconda/lib/python3.10/asyncio/base_events.py", line 649, in run_until_complete
    return future.result()
  File "/usr/share/miniconda/lib/python3.10/site-packages/nbclient/client.py", line 705, in async_execute
    await self.async_execute_cell(
  File "/usr/share/miniconda/lib/python3.10/site-packages/nbclient/client.py", line 1020, in async_execute_cell
    await self._check_raise_for_error(cell, cell_index, exec_reply)
  File "/usr/share/miniconda/lib/python3.10/site-packages/nbclient/client.py", line 914, in _check_raise_for_error
    raise CellExecutionError.from_cell_and_msg(cell, exec_reply_content)
nbclient.exceptions.CellExecutionError: An error occurred while executing the following cell:
------------------
job = TAP_service.run_async(f"""
            SELECT top 1 obs_id, s_region  
            FROM dbo.caomobservation JOIN ivoa.obscore on dbo.caomobservation.observationID = ivoa.obscore.obs_id 
            WHERE collection = 'TESS' and trgType = 'FIELD' and 
            sequenceNumber = {sector} and
            observationID like '{observationIDwildcard}'
            """)

footprint_results = job.to_table()
footprint_results
------------------

[0;31m---------------------------------------------------------------------------[0m
[0;31mDALQueryError[0m                             Traceback (most recent call last)
Cell [0;32mIn[6], line 1[0m
[0;32m----> 1[0m job [38;5;241m=[39m [43mTAP_service[49m[38;5;241;43m.[39;49m[43mrun_async[49m[43m([49m[38;5;124;43mf[39;49m[38;5;124;43m"""[39;49m
[1;32m      2[0m [38;5;124;43m            SELECT top 1 obs_id, s_region  [39;49m
[1;32m      3[0m [38;5;124;43m            FROM dbo.caomobservation JOIN ivoa.obscore on dbo.caomobservation.observationID = ivoa.obscore.obs_id [39;49m
[1;32m      4[0m [38;5;124;43m            WHERE collection = [39;49m[38;5;124;43m'[39;49m[38;5;124;43mTESS[39;49m[38;5;124;43m'[39;49m[38;5;124;43m and trgType = [39;49m[38;5;124;43m'[39;49m[38;5;124;43mFIELD[39;49m[38;5;124;43m'[39;49m[38;5;124;43m and [39;49m
[1;32m      5[0m [38;5;124;43m            sequenceNumber = [39;49m[38;5;132;43;01m{[39;49;00m[43msector[49m[38;5;132;43;01m}[39;49;00m[38;5;124;43m and[39;49m
[1;32m      6[0m [38;5;124;43m            observationID like [39;49m[38;5;124;43m'[39;49m[38;5;132;43;01m{[39;49;00m[43mobservationIDwildcard[49m[38;5;132;43;01m}[39;49;00m[38;5;124;43m'[39;49m
[1;32m      7[0m [38;5;124;43m            [39;49m[38;5;124;43m"""[39;49m[43m)[49m
[1;32m      9[0m footprint_results [38;5;241m=[39m job[38;5;241m.[39mto_table()
[1;32m     10[0m footprint_results

File [0;32m/usr/share/miniconda/lib/python3.10/site-packages/pyvo/dal/tap.py:303[0m, in [0;36mTAPService.run_async[0;34m(self, query, language, maxrec, uploads, **keywords)[0m
[1;32m    301[0m job [38;5;241m=[39m job[38;5;241m.[39mrun()[38;5;241m.[39mwait()
[1;32m    302[0m job[38;5;241m.[39mraise_if_error()
[0;32m--> 303[0m result [38;5;241m=[39m [43mjob[49m[38;5;241;43m.[39;49m[43mfetch_result[49m[43m([49m[43m)[49m
[1;32m    304[0m job[38;5;241m.[39mdelete()
[1;32m    306[0m [38;5;28;01mreturn[39;00m result

File [0;32m/usr/share/miniconda/lib/python3.10/site-packages/pyvo/dal/tap.py:975[0m, in [0;36mAsyncTAPJob.fetch_result[0;34m(self)[0m
[1;32m    971[0m     [38;5;28;01mraise[39;00m DALServiceError[38;5;241m.[39mfrom_except(ex, [38;5;28mself[39m[38;5;241m.[39murl)
[1;32m    973[0m response[38;5;241m.[39mraw[38;5;241m.[39mread [38;5;241m=[39m partial(
[1;32m    974[0m     response[38;5;241m.[39mraw[38;5;241m.[39mread, decode_content[38;5;241m=[39m[38;5;28;01mTrue[39;00m)
[0;32m--> 975[0m [38;5;28;01mreturn[39;00m [43mTAPResults[49m[43m([49m[43mvotableparse[49m[43m([49m[43mresponse[49m[38;5;241;43m.[39;49m[43mraw[49m[38;5;241;43m.[39;49m[43mread[49m[43m)[49m[43m,[49m[43m [49m[43murl[49m[38;5;241;43m=[39;49m[38;5;28;43mself[39;49m[38;5;241;43m.[39;49m[43mresult_uri[49m[43m,[49m[43m [49m[43msession[49m[38;5;241;43m=[39;49m[38;5;28;43mself[39;49m[38;5;241;43m.[39;49m[43m_session[49m[43m)[49m

File [0;32m/usr/share/miniconda/lib/python3.10/site-packages/pyvo/dal/adhoc.py:111[0m, in [0;36mAdhocServiceResultsMixin.__init__[0;34m(self, votable, url, session)[0m
[1;32m    110[0m [38;5;28;01mdef[39;00m [38;5;21m__init__[39m([38;5;28mself[39m, votable, url[38;5;241m=[39m[38;5;28;01mNone[39;00m, session[38;5;241m=[39m[38;5;28;01mNone[39;00m):
[0;32m--> 111[0m     [38;5;28;43msuper[39;49m[43m([49m[43m)[49m[38;5;241;43m.[39;49m[38;5;21;43m__init__[39;49m[43m([49m[43mvotable[49m[43m,[49m[43m [49m[43murl[49m[38;5;241;43m=[39;49m[43murl[49m[43m,[49m[43m [49m[43msession[49m[38;5;241;43m=[39;49m[43msession[49m[43m)[49m
[1;32m    113[0m     [38;5;28mself[39m[38;5;241m.[39m_adhocservices [38;5;241m=[39m [38;5;28mlist[39m(
[1;32m    114[0m         resource [38;5;28;01mfor[39;00m resource [38;5;129;01min[39;00m votable[38;5;241m.[39mresources
[1;32m    115[0m         [38;5;28;01mif[39;00m resource[38;5;241m.[39mtype [38;5;241m==[39m [38;5;124m"[39m[38;5;124mmeta[39m[38;5;124m"[39m [38;5;129;01mand[39;00m resource[38;5;241m.[39mutype [38;5;241m==[39m [38;5;124m"[39m[38;5;124madhoc:service[39m[38;5;124m"[39m
[1;32m    116[0m     )

File [0;32m/usr/share/miniconda/lib/python3.10/site-packages/pyvo/dal/query.py:319[0m, in [0;36mDALResults.__init__[0;34m(self, votable, url, session)[0m
[1;32m    317[0m [38;5;28mself[39m[38;5;241m.[39m_status [38;5;241m=[39m [38;5;28mself[39m[38;5;241m.[39m_findstatus(votable)
[1;32m    318[0m [38;5;28;01mif[39;00m [38;5;28mself[39m[38;5;241m.[39m_status[[38;5;241m0[39m][38;5;241m.[39mlower() [38;5;129;01mnot[39;00m [38;5;129;01min[39;00m ([38;5;124m"[39m[38;5;124mok[39m[38;5;124m"[39m, [38;5;124m"[39m[38;5;124moverflow[39m[38;5;124m"[39m):
[0;32m--> 319[0m     [38;5;28;01mraise[39;00m DALQueryError([38;5;28mself[39m[38;5;241m.[39m_status[[38;5;241m1[39m], [38;5;28mself[39m[38;5;241m.[39m_status[[38;5;241m0[39m], url)
[1;32m    321[0m [38;5;28;01mif[39;00m [38;5;28mself[39m[38;5;241m.[39m_status[[38;5;241m0[39m][38;5;241m.[39mlower() [38;5;241m==[39m [38;5;124m"[39m[38;5;124moverflow[39m[38;5;124m"[39m:
[1;32m    322[0m     warn([38;5;124m"[39m[38;5;124mPartial result set. Potential causes MAXREC, async storage space, etc.[39m[38;5;124m"[39m,
[1;32m    323[0m          category[38;5;241m=[39mDALOverflowWarning)

[0;31mDALQueryError[0m: Job does not exist or does not yet have results.
DALQueryError: Job does not exist or does not yet have results.

