Traceback (most recent call last):
  File "/usr/share/miniconda/lib/python3.10/site-packages/jupyter_cache/executors/utils.py", line 51, in single_nb_execution
    executenb(
  File "/usr/share/miniconda/lib/python3.10/site-packages/nbclient/client.py", line 1204, in execute
    return NotebookClient(nb=nb, resources=resources, km=km, **kwargs).execute()
  File "/usr/share/miniconda/lib/python3.10/site-packages/nbclient/util.py", line 84, in wrapped
    return just_run(coro(*args, **kwargs))
  File "/usr/share/miniconda/lib/python3.10/site-packages/nbclient/util.py", line 62, in just_run
    return loop.run_until_complete(coro)
  File "/usr/share/miniconda/lib/python3.10/asyncio/base_events.py", line 649, in run_until_complete
    return future.result()
  File "/usr/share/miniconda/lib/python3.10/site-packages/nbclient/client.py", line 663, in async_execute
    await self.async_execute_cell(
  File "/usr/share/miniconda/lib/python3.10/site-packages/nbclient/client.py", line 965, in async_execute_cell
    await self._check_raise_for_error(cell, cell_index, exec_reply)
  File "/usr/share/miniconda/lib/python3.10/site-packages/nbclient/client.py", line 862, in _check_raise_for_error
    raise CellExecutionError.from_cell_and_msg(cell, exec_reply_content)
nbclient.exceptions.CellExecutionError: An error occurred while executing the following cell:
------------------
# Define the location for which we want to retrieve the PRF.
col = 125.2
row = 544.1
ccd = 2
camera = 2
sector = 1

# This is the directory where MAST stores the prf FITS files.
path = "https://archive.stsci.edu/missions/tess/models/prf_fitsfiles/"

prf = getPrfAtColRowFits(col, row, ccd, camera, sector, path)
closestPrf = getNearestPrfFits(col, row, ccd, camera, sector, path)
------------------

[0;31m---------------------------------------------------------------------------[0m
[0;31mAttributeError[0m                            Traceback (most recent call last)
Cell [0;32mIn[8], line 11[0m
[1;32m      8[0m [38;5;66;03m# This is the directory where MAST stores the prf FITS files.[39;00m
[1;32m      9[0m path [38;5;241m=[39m [38;5;124m"[39m[38;5;124mhttps://archive.stsci.edu/missions/tess/models/prf_fitsfiles/[39m[38;5;124m"[39m
[0;32m---> 11[0m prf [38;5;241m=[39m [43mgetPrfAtColRowFits[49m[43m([49m[43mcol[49m[43m,[49m[43m [49m[43mrow[49m[43m,[49m[43m [49m[43mccd[49m[43m,[49m[43m [49m[43mcamera[49m[43m,[49m[43m [49m[43msector[49m[43m,[49m[43m [49m[43mpath[49m[43m)[49m
[1;32m     12[0m closestPrf [38;5;241m=[39m getNearestPrfFits(col, row, ccd, camera, sector, path)

Cell [0;32mIn[7], line 43[0m, in [0;36mgetPrfAtColRowFits[0;34m(col, row, ccd, camera, sector, path)[0m
[1;32m     40[0m [38;5;28;01mfor[39;00m pos [38;5;129;01min[39;00m imagePos:
[1;32m     41[0m         prfArray [38;5;241m=[39m readOnePrfFitsFile(ccd, camera, pos[[38;5;241m0[39m], pos[[38;5;241m1[39m], path, datestring)
[0;32m---> 43[0m         img [38;5;241m=[39m [43mgetRegSampledPrfFitsByOffset[49m[43m([49m[43mprfArray[49m[43m,[49m[43m [49m[43mcolOffset[49m[43m,[49m[43m [49m[43mrowOffset[49m[43m)[49m       
[1;32m     44[0m         prfImages[38;5;241m.[39mappend(img)
[1;32m     46[0m [38;5;66;03m# Simple linear interpolate across the 4 locations.[39;00m

Cell [0;32mIn[4], line 67[0m, in [0;36mgetRegSampledPrfFitsByOffset[0;34m(prfArray, colOffset, rowOffset)[0m
[1;32m     64[0m nColOut [38;5;241m/[39m[38;5;241m=[39m [38;5;28mfloat[39m(gridSize)
[1;32m     65[0m nRowOut [38;5;241m/[39m[38;5;241m=[39m [38;5;28mfloat[39m(gridSize)
[0;32m---> 67[0m iCol [38;5;241m=[39m colOffset [38;5;241m+[39m (np[38;5;241m.[39marange(nColOut) [38;5;241m*[39m gridSize)[38;5;241m.[39mastype([43mnp[49m[38;5;241;43m.[39;49m[43mint[49m)
[1;32m     68[0m iRow [38;5;241m=[39m rowOffset [38;5;241m+[39m (np[38;5;241m.[39marange(nRowOut) [38;5;241m*[39m gridSize)[38;5;241m.[39mastype(np[38;5;241m.[39mint)
[1;32m     70[0m tmp [38;5;241m=[39m prfArray[iRow, :]

File [0;32m/usr/share/miniconda/lib/python3.10/site-packages/numpy/__init__.py:284[0m, in [0;36m__getattr__[0;34m(attr)[0m
[1;32m    281[0m     [38;5;28;01mfrom[39;00m [38;5;21;01m.[39;00m[38;5;21;01mtesting[39;00m [38;5;28;01mimport[39;00m Tester
[1;32m    282[0m     [38;5;28;01mreturn[39;00m Tester
[0;32m--> 284[0m [38;5;28;01mraise[39;00m [38;5;167;01mAttributeError[39;00m([38;5;124m"[39m[38;5;124mmodule [39m[38;5;132;01m{!r}[39;00m[38;5;124m has no attribute [39m[38;5;124m"[39m
[1;32m    285[0m                      [38;5;124m"[39m[38;5;132;01m{!r}[39;00m[38;5;124m"[39m[38;5;241m.[39mformat([38;5;18m__name__[39m, attr))

[0;31mAttributeError[0m: module 'numpy' has no attribute 'int'
AttributeError: module 'numpy' has no attribute 'int'

