Traceback (most recent call last):
  File "/usr/share/miniconda/lib/python3.10/site-packages/jupyter_cache/executors/utils.py", line 58, in single_nb_execution
    executenb(
  File "/usr/share/miniconda/lib/python3.10/site-packages/nbclient/client.py", line 1204, in execute
    return NotebookClient(nb=nb, resources=resources, km=km, **kwargs).execute()
  File "/usr/share/miniconda/lib/python3.10/site-packages/nbclient/util.py", line 84, in wrapped
    return just_run(coro(*args, **kwargs))
  File "/usr/share/miniconda/lib/python3.10/site-packages/nbclient/util.py", line 62, in just_run
    return loop.run_until_complete(coro)
  File "/usr/share/miniconda/lib/python3.10/asyncio/base_events.py", line 649, in run_until_complete
    return future.result()
  File "/usr/share/miniconda/lib/python3.10/site-packages/nbclient/client.py", line 663, in async_execute
    await self.async_execute_cell(
  File "/usr/share/miniconda/lib/python3.10/site-packages/nbclient/client.py", line 965, in async_execute_cell
    await self._check_raise_for_error(cell, cell_index, exec_reply)
  File "/usr/share/miniconda/lib/python3.10/site-packages/nbclient/client.py", line 862, in _check_raise_for_error
    raise CellExecutionError.from_cell_and_msg(cell, exec_reply_content)
nbclient.exceptions.CellExecutionError: An error occurred while executing the following cell:
------------------
# save typing a quoted list of columns
columns = """MatchID,MatchRA,MatchDec,CI,A_F555W,A_F814W""".split(",")
columns = [x.strip() for x in columns]
columns = [x for x in columns if x and not x.startswith('#')]

# select objects with at least one ACS F555W and ACS F814W measurement
# and with concentration index 0.9 < CI < 1.6, consistent with point sources
# search a large 3x3 degree box in RA and Dec centered on the SMC
ddec = 1.5
dra = ddec/np.cos(np.radians(dec_smc))
constraints = {'A_F555W_N.gte': 1, 'A_F814W_N.gte': 1, 'CI.gt': 0.9, 'CI.lt': 1.6,
               'MatchDec.gt': dec_smc-ddec, 'MatchDec.lt': dec_smc+ddec,
               'MatchRA.gt': ra_smc-dra, 'MatchRA.lt': ra_smc+dra}

# do a search with a large number of rows allowed
t0 = time.time()
tab = hscsearch(table="summary", release='v3', columns=columns, verbose=True, pagesize=2000000, format='table', **constraints)

print("{:.1f} s: retrieved data and converted to {}-row astropy table".format(time.time()-t0, len(tab)))

# compute color column and select for objects in more limited color range
tab['V-I'] = tab['A_F555W'] - tab['A_F814W']
tab = tab[(tab['V-I'] < 1.5) & (tab['V-I'] > -1.5)]
print(f"{(time.time()-t0):.1f} s: selected {len(tab)} objects with -1.5 < V-I < 1.5")

# clean up the output format
tab['A_F555W'].format = "{:.3f}"
tab['A_F814W'].format = "{:.3f}"
tab['V-I'].format = "{:.3f}"
tab['CI'].format = "{:.3f}"
tab['MatchRA'].format = "{:.6f}"
tab['MatchDec'].format = "{:.6f}"
tab
------------------

[0;31m---------------------------------------------------------------------------[0m
[0;31mHTTPError[0m                                 Traceback (most recent call last)
Cell [0;32mIn[6], line 17[0m
[1;32m     15[0m [38;5;66;03m# do a search with a large number of rows allowed[39;00m
[1;32m     16[0m t0 [38;5;241m=[39m time[38;5;241m.[39mtime()
[0;32m---> 17[0m tab [38;5;241m=[39m [43mhscsearch[49m[43m([49m[43mtable[49m[38;5;241;43m=[39;49m[38;5;124;43m"[39;49m[38;5;124;43msummary[39;49m[38;5;124;43m"[39;49m[43m,[49m[43m [49m[43mrelease[49m[38;5;241;43m=[39;49m[38;5;124;43m'[39;49m[38;5;124;43mv3[39;49m[38;5;124;43m'[39;49m[43m,[49m[43m [49m[43mcolumns[49m[38;5;241;43m=[39;49m[43mcolumns[49m[43m,[49m[43m [49m[43mverbose[49m[38;5;241;43m=[39;49m[38;5;28;43;01mTrue[39;49;00m[43m,[49m[43m [49m[43mpagesize[49m[38;5;241;43m=[39;49m[38;5;241;43m2000000[39;49m[43m,[49m[43m [49m[38;5;28;43mformat[39;49m[38;5;241;43m=[39;49m[38;5;124;43m'[39;49m[38;5;124;43mtable[39;49m[38;5;124;43m'[39;49m[43m,[49m[43m [49m[38;5;241;43m*[39;49m[38;5;241;43m*[39;49m[43mconstraints[49m[43m)[49m
[1;32m     19[0m [38;5;28mprint[39m([38;5;124m"[39m[38;5;132;01m{:.1f}[39;00m[38;5;124m s: retrieved data and converted to [39m[38;5;132;01m{}[39;00m[38;5;124m-row astropy table[39m[38;5;124m"[39m[38;5;241m.[39mformat(time[38;5;241m.[39mtime()[38;5;241m-[39mt0, [38;5;28mlen[39m(tab)))
[1;32m     21[0m [38;5;66;03m# compute color column and select for objects in more limited color range[39;00m

Cell [0;32mIn[3], line 79[0m, in [0;36mhscsearch[0;34m(table, release, magtype, format, columns, baseurl, verbose, **kw)[0m
[1;32m     77[0m [38;5;28;01mif[39;00m verbose:
[1;32m     78[0m     [38;5;28mprint[39m(r[38;5;241m.[39murl)
[0;32m---> 79[0m [43mr[49m[38;5;241;43m.[39;49m[43mraise_for_status[49m[43m([49m[43m)[49m
[1;32m     80[0m [38;5;28;01mif[39;00m [38;5;28mformat[39m [38;5;241m==[39m [38;5;124m"[39m[38;5;124mjson[39m[38;5;124m"[39m:
[1;32m     81[0m     [38;5;28;01mreturn[39;00m r[38;5;241m.[39mjson()

File [0;32m/usr/share/miniconda/lib/python3.10/site-packages/requests/models.py:1021[0m, in [0;36mResponse.raise_for_status[0;34m(self)[0m
[1;32m   1016[0m     http_error_msg [38;5;241m=[39m (
[1;32m   1017[0m         [38;5;124mf[39m[38;5;124m"[39m[38;5;132;01m{[39;00m[38;5;28mself[39m[38;5;241m.[39mstatus_code[38;5;132;01m}[39;00m[38;5;124m Server Error: [39m[38;5;132;01m{[39;00mreason[38;5;132;01m}[39;00m[38;5;124m for url: [39m[38;5;132;01m{[39;00m[38;5;28mself[39m[38;5;241m.[39murl[38;5;132;01m}[39;00m[38;5;124m"[39m
[1;32m   1018[0m     )
[1;32m   1020[0m [38;5;28;01mif[39;00m http_error_msg:
[0;32m-> 1021[0m     [38;5;28;01mraise[39;00m HTTPError(http_error_msg, response[38;5;241m=[39m[38;5;28mself[39m)

[0;31mHTTPError[0m: 422 Client Error: Unprocessable Entity for url: https://catalogs.mast.stsci.edu/api/v0.1/hsc/v3/summary/magaper2.csv?pagesize=2000000&A_F555W_N.gte=1&A_F814W_N.gte=1&CI.gt=0.9&CI.lt=1.6&MatchDec.gt=-74.328599&MatchDec.lt=-71.328599&MatchRA.gt=8.105823991948927&MatchRA.lt=18.267352008051073&columns=%5BMatchID%2CMatchRA%2CMatchDec%2CCI%2CA_F555W%2CA_F814W%5D
HTTPError: 422 Client Error: Unprocessable Entity for url: https://catalogs.mast.stsci.edu/api/v0.1/hsc/v3/summary/magaper2.csv?pagesize=2000000&A_F555W_N.gte=1&A_F814W_N.gte=1&CI.gt=0.9&CI.lt=1.6&MatchDec.gt=-74.328599&MatchDec.lt=-71.328599&MatchRA.gt=8.105823991948927&MatchRA.lt=18.267352008051073&columns=%5BMatchID%2CMatchRA%2CMatchDec%2CCI%2CA_F555W%2CA_F814W%5D

