Traceback (most recent call last):
  File "/usr/share/miniconda/lib/python3.10/site-packages/jupyter_cache/executors/utils.py", line 58, in single_nb_execution
    executenb(
  File "/usr/share/miniconda/lib/python3.10/site-packages/nbclient/client.py", line 1304, in execute
    return NotebookClient(nb=nb, resources=resources, km=km, **kwargs).execute()
  File "/usr/share/miniconda/lib/python3.10/site-packages/jupyter_core/utils/__init__.py", line 166, in wrapped
    return loop.run_until_complete(inner)
  File "/usr/share/miniconda/lib/python3.10/asyncio/base_events.py", line 649, in run_until_complete
    return future.result()
  File "/usr/share/miniconda/lib/python3.10/site-packages/nbclient/client.py", line 705, in async_execute
    await self.async_execute_cell(
  File "/usr/share/miniconda/lib/python3.10/site-packages/nbclient/client.py", line 1020, in async_execute_cell
    await self._check_raise_for_error(cell, cell_index, exec_reply)
  File "/usr/share/miniconda/lib/python3.10/site-packages/nbclient/client.py", line 914, in _check_raise_for_error
    raise CellExecutionError.from_cell_and_msg(cell, exec_reply_content)
nbclient.exceptions.CellExecutionError: An error occurred while executing the following cell:
------------------
objid = TAP_results['objID'][0]
query = """
SELECT
    objID, detectID, Detection.filterID as filterID, Filter.filterType, obsTime, ra, dec,
    psfFlux, psfFluxErr, psfMajorFWHM, psfMinorFWHM, psfQfPerfect, 
    apFlux, apFluxErr, infoFlag, infoFlag2, infoFlag3
FROM Detection
NATURAL JOIN Filter
WHERE objID={}
ORDER BY filterID, obsTime
""".format(objid)
print(query)

job = TAP_service.run_async(query)
detection_TAP_results = job.to_table()
detection_TAP_results
------------------

[0;31m---------------------------------------------------------------------------[0m
[0;31mDALServiceError[0m                           Traceback (most recent call last)
Cell [0;32mIn[6], line 14[0m
[1;32m      2[0m query [38;5;241m=[39m [38;5;124m"""[39m
[1;32m      3[0m [38;5;124mSELECT[39m
[1;32m      4[0m [38;5;124m    objID, detectID, Detection.filterID as filterID, Filter.filterType, obsTime, ra, dec,[39m
[0;32m   (...)[0m
[1;32m     10[0m [38;5;124mORDER BY filterID, obsTime[39m
[1;32m     11[0m [38;5;124m"""[39m[38;5;241m.[39mformat(objid)
[1;32m     12[0m [38;5;28mprint[39m(query)
[0;32m---> 14[0m job [38;5;241m=[39m [43mTAP_service[49m[38;5;241;43m.[39;49m[43mrun_async[49m[43m([49m[43mquery[49m[43m)[49m
[1;32m     15[0m detection_TAP_results [38;5;241m=[39m job[38;5;241m.[39mto_table()
[1;32m     16[0m detection_TAP_results

File [0;32m/usr/share/miniconda/lib/python3.10/site-packages/pyvo/dal/tap.py:301[0m, in [0;36mTAPService.run_async[0;34m(self, query, language, maxrec, uploads, **keywords)[0m
[1;32m    265[0m [38;5;250m[39m[38;5;124;03m"""[39;00m
[1;32m    266[0m [38;5;124;03mruns async query and returns its result[39;00m
[1;32m    267[0m 
[0;32m   (...)[0m
[1;32m    297[0m [38;5;124;03mAsyncTAPJob[39;00m
[1;32m    298[0m [38;5;124;03m"""[39;00m
[1;32m    299[0m job [38;5;241m=[39m AsyncTAPJob[38;5;241m.[39mcreate(
[1;32m    300[0m     [38;5;28mself[39m[38;5;241m.[39mbaseurl, query, language, maxrec, uploads, [38;5;28mself[39m[38;5;241m.[39m_session, [38;5;241m*[39m[38;5;241m*[39mkeywords)
[0;32m--> 301[0m job [38;5;241m=[39m [43mjob[49m[38;5;241;43m.[39;49m[43mrun[49m[43m([49m[43m)[49m[38;5;241;43m.[39;49m[43mwait[49m[43m([49m[43m)[49m
[1;32m    302[0m job[38;5;241m.[39mraise_if_error()
[1;32m    303[0m result [38;5;241m=[39m job[38;5;241m.[39mfetch_result()

File [0;32m/usr/share/miniconda/lib/python3.10/site-packages/pyvo/dal/tap.py:919[0m, in [0;36mAsyncTAPJob.wait[0;34m(self, phases, timeout)[0m
[1;32m    916[0m cur_phase [38;5;241m=[39m [38;5;28mself[39m[38;5;241m.[39m_job[38;5;241m.[39mphase
[1;32m    918[0m [38;5;28;01mif[39;00m cur_phase [38;5;129;01mnot[39;00m [38;5;129;01min[39;00m active_phases:
[0;32m--> 919[0m     [38;5;28;01mraise[39;00m DALServiceError(
[1;32m    920[0m         [38;5;124m"[39m[38;5;124mCannot wait for job completion. Job is not active![39m[38;5;124m"[39m)
[1;32m    922[0m [38;5;28;01mif[39;00m cur_phase [38;5;129;01min[39;00m phases:
[1;32m    923[0m     [38;5;28;01mbreak[39;00m

[0;31mDALServiceError[0m: Cannot wait for job completion. Job is not active!
DALServiceError: Cannot wait for job completion. Job is not active!

