Traceback (most recent call last):
  File "/usr/share/miniconda/lib/python3.10/site-packages/jupyter_cache/executors/utils.py", line 58, in single_nb_execution
    executenb(
  File "/usr/share/miniconda/lib/python3.10/site-packages/nbclient/client.py", line 1204, in execute
    return NotebookClient(nb=nb, resources=resources, km=km, **kwargs).execute()
  File "/usr/share/miniconda/lib/python3.10/site-packages/nbclient/util.py", line 84, in wrapped
    return just_run(coro(*args, **kwargs))
  File "/usr/share/miniconda/lib/python3.10/site-packages/nbclient/util.py", line 62, in just_run
    return loop.run_until_complete(coro)
  File "/usr/share/miniconda/lib/python3.10/asyncio/base_events.py", line 649, in run_until_complete
    return future.result()
  File "/usr/share/miniconda/lib/python3.10/site-packages/nbclient/client.py", line 663, in async_execute
    await self.async_execute_cell(
  File "/usr/share/miniconda/lib/python3.10/site-packages/nbclient/client.py", line 965, in async_execute_cell
    await self._check_raise_for_error(cell, cell_index, exec_reply)
  File "/usr/share/miniconda/lib/python3.10/site-packages/nbclient/client.py", line 862, in _check_raise_for_error
    raise CellExecutionError.from_cell_and_msg(cell, exec_reply_content)
nbclient.exceptions.CellExecutionError: An error occurred while executing the following cell:
------------------
import getpass
if not os.environ.get('CASJOBS_USERID'):
    os.environ['CASJOBS_USERID'] = input('Enter Casjobs UserID:')
if not os.environ.get('CASJOBS_PW'):
    os.environ['CASJOBS_PW'] = getpass.getpass('Enter Casjobs password:')
------------------

[0;31m---------------------------------------------------------------------------[0m
[0;31mStdinNotImplementedError[0m                  Traceback (most recent call last)
Cell [0;32mIn[4], line 3[0m
[1;32m      1[0m [38;5;28;01mimport[39;00m [38;5;21;01mgetpass[39;00m
[1;32m      2[0m [38;5;28;01mif[39;00m [38;5;129;01mnot[39;00m os[38;5;241m.[39menviron[38;5;241m.[39mget([38;5;124m'[39m[38;5;124mCASJOBS_USERID[39m[38;5;124m'[39m):
[0;32m----> 3[0m     os[38;5;241m.[39menviron[[38;5;124m'[39m[38;5;124mCASJOBS_USERID[39m[38;5;124m'[39m] [38;5;241m=[39m [38;5;28;43minput[39;49m[43m([49m[38;5;124;43m'[39;49m[38;5;124;43mEnter Casjobs UserID:[39;49m[38;5;124;43m'[39;49m[43m)[49m
[1;32m      4[0m [38;5;28;01mif[39;00m [38;5;129;01mnot[39;00m os[38;5;241m.[39menviron[38;5;241m.[39mget([38;5;124m'[39m[38;5;124mCASJOBS_PW[39m[38;5;124m'[39m):
[1;32m      5[0m     os[38;5;241m.[39menviron[[38;5;124m'[39m[38;5;124mCASJOBS_PW[39m[38;5;124m'[39m] [38;5;241m=[39m getpass[38;5;241m.[39mgetpass([38;5;124m'[39m[38;5;124mEnter Casjobs password:[39m[38;5;124m'[39m)

File [0;32m/usr/share/miniconda/lib/python3.10/site-packages/ipykernel/kernelbase.py:1181[0m, in [0;36mKernel.raw_input[0;34m(self, prompt)[0m
[1;32m   1179[0m [38;5;28;01mif[39;00m [38;5;129;01mnot[39;00m [38;5;28mself[39m[38;5;241m.[39m_allow_stdin:
[1;32m   1180[0m     msg [38;5;241m=[39m [38;5;124m"[39m[38;5;124mraw_input was called, but this frontend does not support input requests.[39m[38;5;124m"[39m
[0;32m-> 1181[0m     [38;5;28;01mraise[39;00m StdinNotImplementedError(msg)
[1;32m   1182[0m [38;5;28;01mreturn[39;00m [38;5;28mself[39m[38;5;241m.[39m_input_request(
[1;32m   1183[0m     [38;5;28mstr[39m(prompt),
[1;32m   1184[0m     [38;5;28mself[39m[38;5;241m.[39m_parent_ident[[38;5;124m"[39m[38;5;124mshell[39m[38;5;124m"[39m],
[1;32m   1185[0m     [38;5;28mself[39m[38;5;241m.[39mget_parent([38;5;124m"[39m[38;5;124mshell[39m[38;5;124m"[39m),
[1;32m   1186[0m     password[38;5;241m=[39m[38;5;28;01mFalse[39;00m,
[1;32m   1187[0m )

[0;31mStdinNotImplementedError[0m: raw_input was called, but this frontend does not support input requests.
StdinNotImplementedError: raw_input was called, but this frontend does not support input requests.

